c:\users\yousif\downloads\compressed\seatctrlapp_task6_solution\seatctrlapp\seatctrlapp\debug\vc141.pdb
c:\users\yousif\downloads\compressed\seatctrlapp_task6_solution\seatctrlapp\seatctrlapp\debug\vc141.idb
c:\users\yousif\downloads\compressed\seatctrlapp_task6_solution\seatctrlapp\seatctrlapp\debug\vfb.obj
c:\users\yousif\downloads\compressed\seatctrlapp_task6_solution\seatctrlapp\seatctrlapp\debug\rte.obj
c:\users\yousif\downloads\compressed\seatctrlapp_task6_solution\seatctrlapp\seatctrlapp\debug\spi.obj
c:\users\yousif\downloads\compressed\seatctrlapp_task6_solution\seatctrlapp\seatctrlapp\debug\os.obj
c:\users\yousif\downloads\compressed\seatctrlapp_task6_solution\seatctrlapp\seatctrlapp\debug\dio.obj
c:\users\yousif\downloads\compressed\seatctrlapp_task6_solution\seatctrlapp\seatctrlapp\debug\com.obj
c:\users\yousif\downloads\compressed\seatctrlapp_task6_solution\seatctrlapp\seatctrlapp\debug\adc.obj
c:\users\yousif\downloads\compressed\seatctrlapp_task6_solution\seatctrlapp\seatctrlapp\debug\weightsensor.obj
c:\users\yousif\downloads\compressed\seatctrlapp_task6_solution\seatctrlapp\seatctrlapp\debug\slidesensor.obj
c:\users\yousif\downloads\compressed\seatctrlapp_task6_solution\seatctrlapp\seatctrlapp\debug\slidemotor.obj
c:\users\yousif\downloads\compressed\seatctrlapp_task6_solution\seatctrlapp\seatctrlapp\debug\iohwabs.obj
c:\users\yousif\downloads\compressed\seatctrlapp_task6_solution\seatctrlapp\seatctrlapp\debug\inclinesensor.obj
c:\users\yousif\downloads\compressed\seatctrlapp_task6_solution\seatctrlapp\seatctrlapp\debug\inclinemotor.obj
c:\users\yousif\downloads\compressed\seatctrlapp_task6_solution\seatctrlapp\seatctrlapp\debug\heightsensor.obj
c:\users\yousif\downloads\compressed\seatctrlapp_task6_solution\seatctrlapp\seatctrlapp\debug\heightmotor.obj
c:\users\yousif\downloads\compressed\seatctrlapp_task6_solution\seatctrlapp\seatctrlapp\debug\seatmanager.obj
c:\users\yousif\downloads\compressed\seatctrlapp_task6_solution\seatctrlapp\seatctrlapp\debug\hmi.obj
c:\users\yousif\downloads\compressed\seatctrlapp_task6_solution\seatctrlapp\seatctrlapp\debug\main.obj
c:\users\yousif\downloads\compressed\seatctrlapp_task6_solution\seatctrlapp\debug\seatctrlapp.ilk
c:\users\yousif\downloads\compressed\seatctrlapp_task6_solution\seatctrlapp\debug\seatctrlapp.exe
c:\users\yousif\downloads\compressed\seatctrlapp_task6_solution\seatctrlapp\debug\seatctrlapp.pdb
c:\users\yousif\downloads\compressed\seatctrlapp_task6_solution\seatctrlapp\seatctrlapp\debug\seatctrlapp.tlog\cl.command.1.tlog
c:\users\yousif\downloads\compressed\seatctrlapp_task6_solution\seatctrlapp\seatctrlapp\debug\seatctrlapp.tlog\cl.read.1.tlog
c:\users\yousif\downloads\compressed\seatctrlapp_task6_solution\seatctrlapp\seatctrlapp\debug\seatctrlapp.tlog\cl.write.1.tlog
c:\users\yousif\downloads\compressed\seatctrlapp_task6_solution\seatctrlapp\seatctrlapp\debug\seatctrlapp.tlog\link.command.1.tlog
c:\users\yousif\downloads\compressed\seatctrlapp_task6_solution\seatctrlapp\seatctrlapp\debug\seatctrlapp.tlog\link.read.1.tlog
c:\users\yousif\downloads\compressed\seatctrlapp_task6_solution\seatctrlapp\seatctrlapp\debug\seatctrlapp.tlog\link.write.1.tlog
